2024-10-20 21:08:28,727 [main] INFO 8th_june_CoverFox - Open application
2024-10-20 21:08:30,082 [main] INFO 8th_june_CoverFox - Click on Gender button
2024-10-20 21:08:32,161 [main] INFO 8th_june_CoverFox - Click on Next button
2024-10-20 21:08:37,198 [main] INFO 8th_june_CoverFox - Select Age Value
2024-10-20 21:08:37,423 [main] INFO 8th_june_CoverFox - Click on Next button
2024-10-20 21:08:39,627 [main] INFO 8th_june_CoverFox - Enter Pincode
2024-10-20 21:08:39,891 [main] INFO 8th_june_CoverFox - Enter MobileNumber
2024-10-20 21:08:40,120 [main] INFO 8th_june_CoverFox - Click on Next button
2024-10-20 21:08:43,681 [main] INFO 8th_june_CoverFox - Close application
2024-10-20 21:15:33,836 [main] INFO 8th_june_CoverFox - Open application
2024-10-20 21:15:35,762 [main] INFO 8th_june_CoverFox - Click on Gender button
2024-10-20 21:15:37,840 [main] INFO 8th_june_CoverFox - Click on Next button
2024-10-20 21:15:41,385 [main] INFO 8th_june_CoverFox - Select Age Value
2024-10-20 21:15:41,481 [main] INFO 8th_june_CoverFox - Click on Next button
2024-10-20 21:15:43,697 [main] WARN 8th_june_CoverFox - Enter Pincode
2024-10-20 21:15:43,927 [main] WARN 8th_june_CoverFox - Enter MobileNumber
2024-10-20 21:15:44,065 [main] INFO 8th_june_CoverFox - Click on Next button
2024-10-20 21:15:47,165 [main] INFO 8th_june_CoverFox - Close application
2024-10-20 22:08:18,987 [main] INFO 8th_june_CoverFox - Open application
2024-10-20 22:08:20,932 [main] INFO 8th_june_CoverFox - Click on Gender button
2024-10-20 22:08:23,024 [main] INFO 8th_june_CoverFox - Click on Next button
2024-10-20 22:08:27,213 [main] INFO 8th_june_CoverFox - Select Age Value
2024-10-20 22:08:27,386 [main] INFO 8th_june_CoverFox - Click on Next button
2024-10-20 22:08:29,647 [main] WARN 8th_june_CoverFox - Enter Pincode
2024-10-20 22:08:29,882 [main] WARN 8th_june_CoverFox - Enter MobileNumber
2024-10-20 22:08:29,978 [main] INFO 8th_june_CoverFox - Click on Next button
2024-10-20 22:08:34,097 [main] INFO 8th_june_CoverFox - Close application
