2024-10-20 21:08:28,727 - 8th_june_CoverFox -INFO - Open application
2024-10-20 21:08:30,082 - 8th_june_CoverFox -INFO - Click on Gender button
2024-10-20 21:08:32,161 - 8th_june_CoverFox -INFO - Click on Next button
2024-10-20 21:08:37,198 - 8th_june_CoverFox -INFO - Select Age Value
2024-10-20 21:08:37,423 - 8th_june_CoverFox -INFO - Click on Next button
2024-10-20 21:08:39,627 - 8th_june_CoverFox -INFO - Enter Pincode
2024-10-20 21:08:39,891 - 8th_june_CoverFox -INFO - Enter MobileNumber
2024-10-20 21:08:40,120 - 8th_june_CoverFox -INFO - Click on Next button
2024-10-20 21:08:43,681 - 8th_june_CoverFox -INFO - Close application
2024-10-20 21:15:33,836 - 8th_june_CoverFox -INFO - Open application
2024-10-20 21:15:35,762 - 8th_june_CoverFox -INFO - Click on Gender button
2024-10-20 21:15:37,840 - 8th_june_CoverFox -INFO - Click on Next button
2024-10-20 21:15:41,385 - 8th_june_CoverFox -INFO - Select Age Value
2024-10-20 21:15:41,481 - 8th_june_CoverFox -INFO - Click on Next button
2024-10-20 21:15:43,697 - 8th_june_CoverFox -WARN - Enter Pincode
2024-10-20 21:15:43,927 - 8th_june_CoverFox -WARN - Enter MobileNumber
2024-10-20 21:15:44,065 - 8th_june_CoverFox -INFO - Click on Next button
2024-10-20 21:15:47,165 - 8th_june_CoverFox -INFO - Close application
2024-10-20 22:08:18,987 - 8th_june_CoverFox -INFO - Open application
2024-10-20 22:08:20,932 - 8th_june_CoverFox -INFO - Click on Gender button
2024-10-20 22:08:23,024 - 8th_june_CoverFox -INFO - Click on Next button
2024-10-20 22:08:27,213 - 8th_june_CoverFox -INFO - Select Age Value
2024-10-20 22:08:27,386 - 8th_june_CoverFox -INFO - Click on Next button
2024-10-20 22:08:29,647 - 8th_june_CoverFox -WARN - Enter Pincode
2024-10-20 22:08:29,882 - 8th_june_CoverFox -WARN - Enter MobileNumber
2024-10-20 22:08:29,978 - 8th_june_CoverFox -INFO - Click on Next button
2024-10-20 22:08:34,097 - 8th_june_CoverFox -INFO - Close application
